<?xml version="1.0" encoding="UTF-8"?>
<!-- Generated by org.testng.reporters.JUnitXMLReporter -->
<testsuite ignored="0" hostname="DESKTOP-20FIH4S" failures="0" tests="13" name="Default test" time="149.858" errors="0" timestamp="2023-09-27T23:51:30 EEST">
  <testcase classname="TestCases" name="CheckLanguage" time="0.1"/>
  <testcase classname="TestCases" name="CheckCurrency" time="0.12"/>
  <testcase classname="TestCases" name="CheckContactNumber" time="0.054"/>
  <testcase classname="TestCases" name="CheckQitafLogoIsThere" time="0.612"/>
  <testcase classname="TestCases" name="Hotels_Tab_Not_selected" time="0.043"/>
  <testcase classname="TestCases" name="Check_departure_date" time="0.036"/>
  <testcase classname="TestCases" name="Check_return_date" time="0.044"/>
  <testcase classname="TestCases" name="Check_Language" time="11.551"/>
  <testcase classname="TestCases" name="Search_in_hotel_tab" time="80.083"/>
  <testcase classname="TestCases" name="NumberOfvisitorsInHotel" time="1.024"/>
  <testcase classname="TestCases" name="searchOnHotle" time="0.74"/>
  <testcase classname="TestCases" name="Full_loading" time="38.132"/>
  <testcase classname="TestCases" name="Sorting_from_lowest_to_highest_price" time="1.508"/>
</testsuite> <!-- Default test -->
